<?xml version="1.0" encoding="UTF-8"?>
<testng-results skipped="0" failed="1" ignored="0" total="8" passed="7">
  <reporter-output>
  </reporter-output>
  <suite name="test.SearchTest" duration-ms="31961" started-at="2018-10-12T16:19:23Z" finished-at="2018-10-12T16:19:55Z">
    <groups>
    </groups>
    <test name="Command line test" duration-ms="31961" started-at="2018-10-12T16:19:23Z" finished-at="2018-10-12T16:19:55Z">
      <class name="test.SearchTest">
        <test-method status="PASS" signature="setup()[pri:0, instance:test.SearchTest@2ed94a8b]" name="setup" is-config="true" duration-ms="7283" started-at="2018-10-12T16:19:23Z" finished-at="2018-10-12T16:19:30Z">
          <reporter-output>
          </reporter-output>
        </test-method> <!-- setup -->
        <test-method status="PASS" signature="blankSearch()[pri:1, instance:test.SearchTest@2ed94a8b]" name="blankSearch" duration-ms="1124" started-at="2018-10-12T16:19:30Z" finished-at="2018-10-12T16:19:31Z">
          <reporter-output>
          </reporter-output>
        </test-method> <!-- blankSearch -->
        <test-method status="FAIL" signature="invalidSearchByZipcode()[pri:2, instance:test.SearchTest@2ed94a8b]" name="invalidSearchByZipcode" duration-ms="5012" started-at="2018-10-12T16:19:31Z" finished-at="2018-10-12T16:19:36Z">
          <exception class="org.openqa.selenium.TimeoutException">
            <message>
              <![CDATA[Expected condition failed: waiting for visibility of element located by By.className: autoCompleteDropDown (tried for 3 second(s) with 500 milliseconds interval)
Build info: version: '3.12.0', revision: '7c6e0b3', time: '2018-05-08T14:04:26.12Z'
System info: host: 'LAPTOP-JLPCQCSL', ip: '192.168.0.4', os.name: 'Windows 10', os.arch: 'amd64', os.version: '10.0', java.version: '1.8.0_171'
Driver info: org.openqa.selenium.firefox.FirefoxDriver
Capabilities {acceptInsecureCerts: true, browserName: firefox, browserVersion: 62.0.3, javascriptEnabled: true, moz:accessibilityChecks: false, moz:headless: false, moz:processID: 5784, moz:profile: C:\Users\parve\AppData\Loca..., moz:useNonSpecCompliantPointerOrigin: false, moz:webdriverClick: true, pageLoadStrategy: normal, platform: XP, platformName: XP, platformVersion: 10.0, rotatable: false, timeouts: {implicit: 0, pageLoad: 300000, script: 30000}}
Session ID: 624c70a7-06c7-4852-8a70-1b46f5c629f3]]>
            </message>
            <full-stacktrace>
              <![CDATA[org.openqa.selenium.TimeoutException: Expected condition failed: waiting for visibility of element located by By.className: autoCompleteDropDown (tried for 3 second(s) with 500 milliseconds interval)
Build info: version: '3.12.0', revision: '7c6e0b3', time: '2018-05-08T14:04:26.12Z'
System info: host: 'LAPTOP-JLPCQCSL', ip: '192.168.0.4', os.name: 'Windows 10', os.arch: 'amd64', os.version: '10.0', java.version: '1.8.0_171'
Driver info: org.openqa.selenium.firefox.FirefoxDriver
Capabilities {acceptInsecureCerts: true, browserName: firefox, browserVersion: 62.0.3, javascriptEnabled: true, moz:accessibilityChecks: false, moz:headless: false, moz:processID: 5784, moz:profile: C:\Users\parve\AppData\Loca..., moz:useNonSpecCompliantPointerOrigin: false, moz:webdriverClick: true, pageLoadStrategy: normal, platform: XP, platformName: XP, platformVersion: 10.0, rotatable: false, timeouts: {implicit: 0, pageLoad: 300000, script: 30000}}
Session ID: 624c70a7-06c7-4852-8a70-1b46f5c629f3
at org.openqa.selenium.support.ui.WebDriverWait.timeoutException(WebDriverWait.java:81)
at org.openqa.selenium.support.ui.FluentWait.until(FluentWait.java:271)
at page_objects.LieferendoHomePage.waitForElement(LieferendoHomePage.java:31)
at page_objects.LieferendoHomePage.suggestionsText(LieferendoHomePage.java:72)
at test.SearchTest.invalidSearchByZipcode(SearchTest.java:63)
at sun.reflect.NativeMethodAccessorImpl.invoke0(Native Method)
at sun.reflect.NativeMethodAccessorImpl.invoke(NativeMethodAccessorImpl.java:62)
at sun.reflect.DelegatingMethodAccessorImpl.invoke(DelegatingMethodAccessorImpl.java:43)
at java.lang.reflect.Method.invoke(Method.java:498)
at org.testng.internal.MethodInvocationHelper.invokeMethod(MethodInvocationHelper.java:124)
at org.testng.internal.Invoker.invokeMethod(Invoker.java:583)
at org.testng.internal.Invoker.invokeTestMethod(Invoker.java:719)
at org.testng.internal.Invoker.invokeTestMethods(Invoker.java:989)
at org.testng.internal.TestMethodWorker.invokeTestMethods(TestMethodWorker.java:125)
at org.testng.internal.TestMethodWorker.run(TestMethodWorker.java:109)
at org.testng.TestRunner.privateRun(TestRunner.java:648)
at org.testng.TestRunner.run(TestRunner.java:505)
at org.testng.SuiteRunner.runTest(SuiteRunner.java:455)
at org.testng.SuiteRunner.runSequentially(SuiteRunner.java:450)
at org.testng.SuiteRunner.privateRun(SuiteRunner.java:415)
at org.testng.SuiteRunner.run(SuiteRunner.java:364)
at org.testng.SuiteRunnerWorker.runSuite(SuiteRunnerWorker.java:52)
at org.testng.SuiteRunnerWorker.run(SuiteRunnerWorker.java:84)
at org.testng.TestNG.runSuitesSequentially(TestNG.java:1208)
at org.testng.TestNG.runSuitesLocally(TestNG.java:1137)
at org.testng.TestNG.runSuites(TestNG.java:1049)
at org.testng.TestNG.run(TestNG.java:1017)
at org.apache.maven.surefire.testng.TestNGExecutor.run(TestNGExecutor.java:77)
at org.apache.maven.surefire.testng.TestNGDirectoryTestSuite.execute(TestNGDirectoryTestSuite.java:110)
at org.apache.maven.surefire.testng.TestNGProvider.invoke(TestNGProvider.java:106)
at sun.reflect.NativeMethodAccessorImpl.invoke0(Native Method)
at sun.reflect.NativeMethodAccessorImpl.invoke(NativeMethodAccessorImpl.java:62)
at sun.reflect.DelegatingMethodAccessorImpl.invoke(DelegatingMethodAccessorImpl.java:43)
at java.lang.reflect.Method.invoke(Method.java:498)
at org.apache.maven.surefire.util.ReflectionUtils.invokeMethodWithArray(ReflectionUtils.java:189)
at org.apache.maven.surefire.booter.ProviderFactory$ProviderProxy.invoke(ProviderFactory.java:165)
at org.apache.maven.surefire.booter.ProviderFactory.invokeProvider(ProviderFactory.java:85)
at org.apache.maven.surefire.booter.ForkedBooter.runSuitesInProcess(ForkedBooter.java:115)
at org.apache.maven.surefire.booter.ForkedBooter.main(ForkedBooter.java:75)
]]>
            </full-stacktrace>
          </exception> <!-- org.openqa.selenium.TimeoutException -->
          <reporter-output>
          </reporter-output>
        </test-method> <!-- invalidSearchByZipcode -->
        <test-method status="PASS" signature="validSearchByZipcode()[pri:3, instance:test.SearchTest@2ed94a8b]" name="validSearchByZipcode" duration-ms="4051" started-at="2018-10-12T16:19:36Z" finished-at="2018-10-12T16:19:40Z">
          <reporter-output>
          </reporter-output>
        </test-method> <!-- validSearchByZipcode -->
        <test-method status="PASS" signature="invalidsearchByAddress()[pri:4, instance:test.SearchTest@2ed94a8b]" name="invalidsearchByAddress" duration-ms="2543" started-at="2018-10-12T16:19:40Z" finished-at="2018-10-12T16:19:43Z">
          <reporter-output>
          </reporter-output>
        </test-method> <!-- invalidsearchByAddress -->
        <test-method status="PASS" signature="validsearchByAddress()[pri:5, instance:test.SearchTest@2ed94a8b]" name="validsearchByAddress" duration-ms="3875" started-at="2018-10-12T16:19:43Z" finished-at="2018-10-12T16:19:47Z">
          <reporter-output>
          </reporter-output>
        </test-method> <!-- validsearchByAddress -->
        <test-method status="PASS" signature="invalidSearchByRandomAndSpecialCharacters()[pri:6, instance:test.SearchTest@2ed94a8b]" name="invalidSearchByRandomAndSpecialCharacters" duration-ms="2634" started-at="2018-10-12T16:19:47Z" finished-at="2018-10-12T16:19:49Z">
          <reporter-output>
          </reporter-output>
        </test-method> <!-- invalidSearchByRandomAndSpecialCharacters -->
        <test-method status="PASS" signature="invalidSearchBySqlQuery()[pri:7, instance:test.SearchTest@2ed94a8b]" name="invalidSearchBySqlQuery" duration-ms="2143" started-at="2018-10-12T16:19:49Z" finished-at="2018-10-12T16:19:51Z">
          <reporter-output>
          </reporter-output>
        </test-method> <!-- invalidSearchBySqlQuery -->
        <test-method status="PASS" signature="searchInputLimit()[pri:8, instance:test.SearchTest@2ed94a8b]" name="searchInputLimit" duration-ms="2310" started-at="2018-10-12T16:19:51Z" finished-at="2018-10-12T16:19:54Z">
          <reporter-output>
          </reporter-output>
        </test-method> <!-- searchInputLimit -->
        <test-method status="PASS" signature="closeDriver()[pri:0, instance:test.SearchTest@2ed94a8b]" name="closeDriver" is-config="true" duration-ms="952" started-at="2018-10-12T16:19:54Z" finished-at="2018-10-12T16:19:55Z">
          <reporter-output>
          </reporter-output>
        </test-method> <!-- closeDriver -->
      </class> <!-- test.SearchTest -->
    </test> <!-- Command line test -->
  </suite> <!-- test.SearchTest -->
</testng-results>
