<?xml version="1.0" encoding="UTF-8"?>
<!-- Generated by org.testng.reporters.JUnitXMLReporter -->
<testsuite hostname="LAPTOP-JLPCQCSL" ignored="0" name="Command line test" tests="5" failures="0" timestamp="12 Oct 2018 00:45:19 GMT" time="23.09" errors="0">
  <testcase name="blankSearch" time="0.622" classname="test.SearchTest"/>
  <testcase name="invalidSearchByZipcode" time="2.814" classname="test.SearchTest"/>
  <testcase name="validSearchByZipcode" time="4.79" classname="test.SearchTest"/>
  <testcase name="invalidsearchByAddress" time="3.302" classname="test.SearchTest"/>
  <testcase name="validsearchByAddress" time="4.396" classname="test.SearchTest"/>
</testsuite> <!-- Command line test -->
